==================================================
Dataset: data/synth_500k_20m.txt
Metadata: data/synth_500k_20m_nodes.csv
workers=4, chunk=64, blocks=100
==================================================
[BlockRank+Coloring]
Args: {'dataset': 'data/synth_500k_20m.txt', 'metadata': 'data/synth_500k_20m_nodes.csv', 'num_blocks': 100, 'epsilon': 1e-09, 'disable_local_parallel': False, 'local_workers': 4, 'local_chunk_size': 64}
Nodes: 500000, Edges: 19926690, Blocks: 100, Source: metadata (data/synth_500k_20m_nodes.csv)
  Preprocess (group blocks):   0.0192s
  Step 1 (local PR per block): 0.4160s
  Step 2 (block-level PR):     0.6509s
  Step 3 (build approximation): 0.0021s
  Step 4 (global refinement):  0.3321s
  Total BlockRank+Coloring time: 1.4205s
497340    0.000004
129688    0.000003
198114    0.000003
84454     0.000003
482801    0.000003
288600    0.000003
261038    0.000003
42263     0.000003
48364     0.000003
169027    0.000003
dtype: float64
[BlockRank]
Nodes: 500000, Edges: 19926690, Blocks: 100, Source: metadata (data/synth_500k_20m_nodes.csv)
  Preprocess (group blocks):   0.0113s
  Step 1 (local PR per block): 0.6384s
  Step 2 (block-level PR):     0.4957s
  Step 3 (build approximation): 0.0026s
  Step 4 (global refinement):  0.4775s
  Total BlockRank time:        1.6255s
497340    0.000004
129688    0.000003
198114    0.000003
84454     0.000003
482801    0.000003
288600    0.000003
261038    0.000003
42263     0.000003
48364     0.000003
169027    0.000003
dtype: float64
[Coloring]
Converged in 68 iterations
Total time: 1.1202s
497340    0.000004
129688    0.000003
198114    0.000003
84454     0.000003
482801    0.000003
288600    0.000003
261038    0.000003
42263     0.000003
48364     0.000003
169027    0.000003
dtype: float64
[Basic]
Time for power iteration 2.7582685947418213
497340    0.000004
129688    0.000003
198114    0.000003
84454     0.000003
482801    0.000003
288600    0.000003
261038    0.000003
42263     0.000003
48364     0.000003
169027    0.000003
dtype: float64

