==================================================
Dataset: data/synth_1.5m_20m.txt
Metadata: data/synth_1.5m_20m_nodes.csv
workers=4, chunk=64, blocks=100
==================================================
[BlockRank+Coloring]
Args: {'dataset': 'data/synth_1.5m_20m.txt', 'metadata': 'data/synth_1.5m_20m_nodes.csv', 'num_blocks': 100, 'epsilon': 1e-09, 'disable_local_parallel': False, 'local_workers': 4, 'local_chunk_size': 64}
Nodes: 1500000, Edges: 19492604, Blocks: 100, Source: metadata (data/synth_1.5m_20m_nodes.csv)
  Preprocess (group blocks):   0.0466s
  Step 1 (local PR per block): 0.6582s
  Step 2 (block-level PR):     0.4890s
  Step 3 (build approximation): 0.0062s
  Step 4 (global refinement):  0.4263s
  Total BlockRank+Coloring time: 1.6265s
124040     0.000002
312288     0.000002
1177360    0.000002
353681     0.000002
290447     0.000002
1172667    0.000002
1175280    0.000002
322404     0.000002
729593     0.000002
380861     0.000002
dtype: float64
[BlockRank]
Nodes: 1500000, Edges: 19492604, Blocks: 100, Source: metadata (data/synth_1.5m_20m_nodes.csv)
  Preprocess (group blocks):   0.0291s
  Step 1 (local PR per block): 0.9517s
  Step 2 (block-level PR):     0.4942s
  Step 3 (build approximation): 0.0066s
  Step 4 (global refinement):  0.5734s
  Total BlockRank time:        2.0552s
Time for BlockRank (CSR): 2.0583s
124040     0.000002
312288     0.000002
1177360    0.000002
353681     0.000002
290447     0.000002
1172667    0.000002
1175280    0.000002
322404     0.000002
729593     0.000002
380861     0.000002
dtype: float64
[Coloring]
Converged in 69 iterations
Total time: 2.2664s
124040     0.000002
312288     0.000002
1177360    0.000002
290447     0.000002
353681     0.000002
1172667    0.000002
1175280    0.000002
322404     0.000002
380861     0.000002
729593     0.000002
dtype: float64
[Basic]
Time for power iteration 4.192304372787476
124040     0.000002
312288     0.000002
1177360    0.000002
290447     0.000002
353681     0.000002
1172667    0.000002
1175280    0.000002
322404     0.000002
380861     0.000002
729593     0.000002
dtype: float64

