==================================================
Dataset: data/synth_1m_40m.txt
Metadata: data/synth_1m_40m_nodes.csv
workers=4, chunk=64, blocks=100
==================================================
[BlockRank+Coloring]
Args: {'dataset': 'data/synth_1m_40m.txt', 'metadata': 'data/synth_1m_40m_nodes.csv', 'num_blocks': 100, 'epsilon': 1e-09, 'disable_local_parallel': False, 'local_workers': 4, 'local_chunk_size': 64}
Nodes: 1000000, Edges: 39926679, Blocks: 100, Source: metadata (data/synth_1m_40m_nodes.csv)
  Preprocess (group blocks):   0.0199s
  Step 1 (local PR per block): 0.7993s
  Step 2 (block-level PR):     0.9980s
  Step 3 (build approximation): 0.0037s
  Step 4 (global refinement):  0.6630s
  Total BlockRank+Coloring time: 2.4840s
686398    0.000002
932258    0.000002
977972    0.000002
957057    0.000002
509983    0.000002
941120    0.000002
545208    0.000002
680387    0.000002
629524    0.000002
785917    0.000002
dtype: float64
[BlockRank]
Nodes: 1000000, Edges: 39926679, Blocks: 100, Source: metadata (data/synth_1m_40m_nodes.csv)
  Preprocess (group blocks):   0.0159s
  Step 1 (local PR per block): 1.2258s
  Step 2 (block-level PR):     1.0036s
  Step 3 (build approximation): 0.0044s
  Step 4 (global refinement):  0.7854s
  Total BlockRank time:        3.0352s
686398    0.000002
932258    0.000002
977972    0.000002
957057    0.000002
509983    0.000002
941120    0.000002
545208    0.000002
680387    0.000002
629524    0.000002
785917    0.000002
dtype: float64
[Coloring]
Converged in 66 iterations
Total time: 2.0879s
686398    0.000002
932258    0.000002
977972    0.000002
509983    0.000002
957057    0.000002
941120    0.000002
545208    0.000002
680387    0.000002
629524    0.000002
785917    0.000002
dtype: float64
[Basic]
Time for power iteration 5.926852226257324
686398    0.000002
932258    0.000002
977972    0.000002
509983    0.000002
957057    0.000002
941120    0.000002
545208    0.000002
680387    0.000002
629524    0.000002
785917    0.000002
dtype: float64

