==================================================
Dataset: data/synth_2m_40m.txt
Metadata: data/synth_2m_40m_nodes.csv
workers=4, chunk=64, blocks=100
==================================================
[BlockRank+Coloring]
Args: {'dataset': 'data/synth_2m_40m.txt', 'metadata': 'data/synth_2m_40m_nodes.csv', 'num_blocks': 100, 'epsilon': 1e-09, 'disable_local_parallel': False, 'local_workers': 4, 'local_chunk_size': 64}
Nodes: 2000000, Edges: 39982089, Blocks: 100, Source: metadata (data/synth_2m_40m_nodes.csv)
  Preprocess (group blocks):   0.0429s
  Step 1 (local PR per block): 0.9495s
  Step 2 (block-level PR):     1.0202s
  Step 3 (build approximation): 0.0076s
  Step 4 (global refinement):  0.7833s
  Total BlockRank+Coloring time: 2.8036s
1722450    1.072778e-06
1222406    1.072245e-06
1097438    1.055843e-06
283358     1.055209e-06
995620     1.048998e-06
149590     1.046618e-06
1038289    1.020463e-06
541580     1.018624e-06
240935     1.003032e-06
1343798    9.986239e-07
dtype: float64
[BlockRank]
Nodes: 2000000, Edges: 39982089, Blocks: 100, Source: metadata (data/synth_2m_40m_nodes.csv)
  Preprocess (group blocks):   0.0415s
  Step 1 (local PR per block): 1.3621s
  Step 2 (block-level PR):     1.0235s
  Step 3 (build approximation): 0.0081s
  Step 4 (global refinement):  0.9146s
  Total BlockRank time:        3.3498s
1722450    1.072778e-06
1222406    1.072245e-06
1097438    1.055843e-06
283358     1.055209e-06
995620     1.048998e-06
149590     1.046618e-06
1038289    1.020463e-06
541580     1.018624e-06
240935     1.003032e-06
1343798    9.986239e-07
dtype: float64
[Coloring]
Converged in 66 iterations
Total time: 4.2373s
1722450    1.072783e-06
1222406    1.072315e-06
1097438    1.055620e-06
283358     1.055113e-06
995620     1.048793e-06
149590     1.046737e-06
1038289    1.020042e-06
541580     1.019045e-06
240935     1.003056e-06
1343798    9.989409e-07
dtype: float64
[Basic]
Time for power iteration 7.66996431350708
1722450    1.072783e-06
1222406    1.072315e-06
1097438    1.055620e-06
283358     1.055113e-06
995620     1.048793e-06
149590     1.046737e-06
1038289    1.020042e-06
541580     1.019045e-06
240935     1.003056e-06
1343798    9.989409e-07
dtype: float64

