==========================================
SLURM_JOB_ID = 8366523
SLURM_JOB_NODELIST = b11-09
TMPDIR = /tmp/SLURM_8366523
==========================================
/var/spool/slurm/d/job8366523/slurm_script: line 31: Sweep: command not found
==================================================
Running BlockRank+Coloring sweep
num_blocks=100
local-workers=16
local-chunk-size=256
==================================================
Args: {'dataset': 'data/synth_2m_40m.txt', 'metadata': 'data/synth_2m_40m_nodes.csv', 'num_blocks': 100, 'epsilon': 1e-09, 'disable_local_parallel': False, 'local_workers': 16, 'local_chunk_size': 256}
Nodes: 2000000, Edges: 39679152, Blocks: 2000, Source: metadata (data/synth_2m_40m_nodes.csv)
  Preprocess (group blocks):   0.0449s
  Step 1 (local PR per block): 3.1757s
  Step 2 (block-level PR):     0.9697s
  Step 3 (build approximation): 0.0122s
  Step 4 (global refinement):  0.6277s
  Total BlockRank+Coloring time: 4.8303s
==================================================
Running BlockRank+Coloring sweep
num_blocks=500
local-workers=16
local-chunk-size=256
==================================================
Args: {'dataset': 'data/synth_2m_40m.txt', 'metadata': 'data/synth_2m_40m_nodes.csv', 'num_blocks': 500, 'epsilon': 1e-09, 'disable_local_parallel': False, 'local_workers': 16, 'local_chunk_size': 256}
Nodes: 2000000, Edges: 39679152, Blocks: 2000, Source: metadata (data/synth_2m_40m_nodes.csv)
  Preprocess (group blocks):   0.0450s
  Step 1 (local PR per block): 3.0502s
  Step 2 (block-level PR):     0.9572s
  Step 3 (build approximation): 0.0101s
  Step 4 (global refinement):  0.6340s
  Total BlockRank+Coloring time: 4.6966s
==================================================
Running BlockRank+Coloring sweep
num_blocks=1000
local-workers=16
local-chunk-size=256
==================================================
Args: {'dataset': 'data/synth_2m_40m.txt', 'metadata': 'data/synth_2m_40m_nodes.csv', 'num_blocks': 1000, 'epsilon': 1e-09, 'disable_local_parallel': False, 'local_workers': 16, 'local_chunk_size': 256}
Nodes: 2000000, Edges: 39679152, Blocks: 2000, Source: metadata (data/synth_2m_40m_nodes.csv)
  Preprocess (group blocks):   0.0439s
  Step 1 (local PR per block): 2.9398s
  Step 2 (block-level PR):     1.0722s
  Step 3 (build approximation): 0.0109s
  Step 4 (global refinement):  0.6758s
  Total BlockRank+Coloring time: 4.7428s
==================================================
Running BlockRank+Coloring sweep
num_blocks=2000
local-workers=16
local-chunk-size=256
==================================================
Args: {'dataset': 'data/synth_2m_40m.txt', 'metadata': 'data/synth_2m_40m_nodes.csv', 'num_blocks': 2000, 'epsilon': 1e-09, 'disable_local_parallel': False, 'local_workers': 16, 'local_chunk_size': 256}
Nodes: 2000000, Edges: 39679152, Blocks: 2000, Source: metadata (data/synth_2m_40m_nodes.csv)
  Preprocess (group blocks):   0.0446s
  Step 1 (local PR per block): 3.0726s
  Step 2 (block-level PR):     0.9645s
  Step 3 (build approximation): 0.0128s
  Step 4 (global refinement):  0.6298s
  Total BlockRank+Coloring time: 4.7243s
==================================================
Running BlockRank+Coloring sweep
num_blocks=4000
local-workers=16
local-chunk-size=256
==================================================
Args: {'dataset': 'data/synth_2m_40m.txt', 'metadata': 'data/synth_2m_40m_nodes.csv', 'num_blocks': 4000, 'epsilon': 1e-09, 'disable_local_parallel': False, 'local_workers': 16, 'local_chunk_size': 256}
Nodes: 2000000, Edges: 39679152, Blocks: 2000, Source: metadata (data/synth_2m_40m_nodes.csv)
  Preprocess (group blocks):   0.0445s
  Step 1 (local PR per block): 3.2114s
  Step 2 (block-level PR):     0.9751s
  Step 3 (build approximation): 0.0126s
  Step 4 (global refinement):  0.6339s
  Total BlockRank+Coloring time: 4.8776s
