==================================================
Dataset: data/synth_1m_40m.txt
Metadata: data/synth_1m_40m_nodes.csv
workers=16, chunk=256, blocks=100
==================================================
[BlockRank+Coloring]
Args: {'dataset': 'data/synth_1m_40m.txt', 'metadata': 'data/synth_1m_40m_nodes.csv', 'num_blocks': 100, 'epsilon': 1e-09, 'disable_local_parallel': False, 'local_workers': 16, 'local_chunk_size': 256}
Nodes: 1000000, Edges: 39926679, Blocks: 100, Source: metadata (data/synth_1m_40m_nodes.csv)
  Preprocess (group blocks):   0.0169s
  Step 1 (local PR per block): 1.2129s
  Step 2 (block-level PR):     1.0109s
  Step 3 (build approximation): 0.0038s
  Step 4 (global refinement):  0.5963s
  Total BlockRank+Coloring time: 2.8408s
686398    0.000002
932258    0.000002
977972    0.000002
957057    0.000002
509983    0.000002
941120    0.000002
545208    0.000002
680387    0.000002
629524    0.000002
785917    0.000002
dtype: float64
[BlockRank]
Nodes: 1000000, Edges: 39926679, Blocks: 100, Source: metadata (data/synth_1m_40m_nodes.csv)
  Preprocess (group blocks):   0.0160s
  Step 1 (local PR per block): 1.2446s
  Step 2 (block-level PR):     1.0218s
  Step 3 (build approximation): 0.0045s
  Step 4 (global refinement):  0.7511s
  Total BlockRank time:        3.0381s
Time for BlockRank (CSR): 3.0406s
686398    0.000002
932258    0.000002
977972    0.000002
957057    0.000002
509983    0.000002
941120    0.000002
545208    0.000002
680387    0.000002
629524    0.000002
785917    0.000002
dtype: float64
[Coloring]
Converged in 66 iterations
Total time: 1.6488s
686398    0.000002
932258    0.000002
977972    0.000002
509983    0.000002
957057    0.000002
941120    0.000002
545208    0.000002
680387    0.000002
629524    0.000002
785917    0.000002
dtype: float64
[Basic]
Time for power iteration 6.120386362075806
686398    0.000002
932258    0.000002
977972    0.000002
509983    0.000002
957057    0.000002
941120    0.000002
545208    0.000002
680387    0.000002
629524    0.000002
785917    0.000002
dtype: float64

