==================================================
Dataset: data/web-BerkStan.txt
blocks=10, workers=4, chunk=64
==================================================
[Coloring]
Converged in 106 iterations
Total time: 1.1528s
272919    0.009457
438238    0.007487
210376    0.005101
210305    0.005017
601656    0.003763
571448    0.003431
316792    0.002678
319209    0.002320
184094    0.002283
401873    0.002263
dtype: float64
[BlockRank+Coloring]
Args: {'dataset': 'data/web-BerkStan.txt', 'metadata': None, 'num_blocks': 10, 'epsilon': 1e-09, 'disable_local_parallel': False, 'local_workers': 4, 'local_chunk_size': 64}
Nodes: 685230, Edges: 7600595, Blocks: 10, Source: index buckets (10 target blocks)
  Preprocess (group blocks):   0.0103s
  Step 1 (local PR per block): 1.0705s
  Step 2 (block-level PR):     0.2027s
  Step 3 (build approximation): 0.0047s
  Step 4 (global refinement):  0.1836s
  Total BlockRank+Coloring time: 1.4719s
272919    0.009376
438238    0.007486
210376    0.005114
210305    0.005029
601656    0.003771
571448    0.003441
316792    0.002646
319209    0.002320
184094    0.002280
401873    0.002262
dtype: float64
[BlockRank]
Nodes: 685230, Edges: 7600595, Blocks: 10, Source: index buckets (10 target blocks)
  Preprocess (group blocks):   0.0102s
  Step 1 (local PR per block): 1.0702s
  Step 2 (block-level PR):     0.2054s
  Step 3 (build approximation): 0.0026s
  Step 4 (global refinement):  0.3762s
  Total BlockRank time:        1.6647s
272919    0.009376
438238    0.007486
210376    0.005114
210305    0.005029
601656    0.003771
571448    0.003441
316792    0.002646
319209    0.002320
184094    0.002280
401873    0.002262
dtype: float64
[Basic]
Time for power iteration 1.796114444732666
272919    0.009457
438238    0.007487
210376    0.005101
210305    0.005017
601656    0.003763
571448    0.003431
316792    0.002678
319209    0.002320
184094    0.002283
401873    0.002263
dtype: float64

