==================================================
Dataset: data/synth_2m_20m.txt
Metadata: data/synth_2m_20m_nodes.csv
workers=16, chunk=256, blocks=100
==================================================
[BlockRank+Coloring]
Args: {'dataset': 'data/synth_2m_20m.txt', 'metadata': 'data/synth_2m_20m_nodes.csv', 'num_blocks': 100, 'epsilon': 1e-09, 'disable_local_parallel': False, 'local_workers': 16, 'local_chunk_size': 256}
Nodes: 2000000, Edges: 19995739, Blocks: 100, Source: metadata (data/synth_2m_20m_nodes.csv)
  Preprocess (group blocks):   0.0427s
  Step 1 (local PR per block): 1.0077s
  Step 2 (block-level PR):     0.5121s
  Step 3 (build approximation): 0.0077s
  Step 4 (global refinement):  0.4324s
  Total BlockRank+Coloring time: 2.0027s
816282     0.000001
313083     0.000001
1997871    0.000001
417983     0.000001
399515     0.000001
431253     0.000001
416384     0.000001
1817322    0.000001
1116309    0.000001
1316548    0.000001
dtype: float64
[BlockRank]
Nodes: 2000000, Edges: 19995739, Blocks: 100, Source: metadata (data/synth_2m_20m_nodes.csv)
  Preprocess (group blocks):   0.0411s
  Step 1 (local PR per block): 0.9103s
  Step 2 (block-level PR):     0.5211s
  Step 3 (build approximation): 0.0079s
  Step 4 (global refinement):  0.6019s
  Total BlockRank time:        2.0824s
Time for BlockRank (CSR): 2.0843s
816282     0.000001
313083     0.000001
1997871    0.000001
417983     0.000001
399515     0.000001
431253     0.000001
416384     0.000001
1817322    0.000001
1116309    0.000001
1316548    0.000001
dtype: float64
[Coloring]
Converged in 68 iterations
Total time: 1.7843s
816282     0.000001
313083     0.000001
1997871    0.000001
417983     0.000001
399515     0.000001
416384     0.000001
431253     0.000001
1817322    0.000001
1116309    0.000001
1316548    0.000001
dtype: float64
[Basic]
Time for power iteration 4.862190008163452
816282     0.000001
313083     0.000001
1997871    0.000001
417983     0.000001
399515     0.000001
416384     0.000001
431253     0.000001
1817322    0.000001
1116309    0.000001
1316548    0.000001
dtype: float64

